Arguments: 
  /usr/local/Cellar/node/17.0.1/bin/node /usr/local/Cellar/yarn/1.22.17/libexec/bin/yarn.js install

PATH: 
  /usr/local/bin:/usr/bin:/bin:/usr/sbin:/sbin:/Library/Apple/usr/bin

Yarn version: 
  1.22.17

Node version: 
  17.0.1

Platform: 
  darwin x64

Trace: 
  SyntaxError: /Users/mvillafuerte/Projects/spark/modules/data-lake/package.json: Unexpected token } in JSON at position 769
      at JSON.parse (<anonymous>)
      at /usr/local/Cellar/yarn/1.22.17/libexec/lib/cli.js:1625:59
      at Generator.next (<anonymous>)
      at step (/usr/local/Cellar/yarn/1.22.17/libexec/lib/cli.js:310:30)
      at /usr/local/Cellar/yarn/1.22.17/libexec/lib/cli.js:321:13

npm manifest: 
  {
    "name": "data-lake",
    "version": "0.1.0",
    "description": "",
    "license": "MIT",
    "scripts": {
      "applyLake": "cd ./src/main/resources/stacks/simple-data-lake && terraform apply",
      "applyLakeFormation": "cd ./src/main/resources/stacks/simple-data-lake-using-aws-lake-formation && terraform apply",
      "destroyLake": "cd ./src/main/resources/stacks/simple-data-lake && terraform destroy",
      "destroyLakeFormation": "cd ./src/main/resources/stacks/simple-data-lake-using-aws-lake-formation && terraform destroy",
      "planLake": "cd ./src/main/resources/stacks/simple-data-lake && terraform init && terraform plan",
      "planLakeFormation": "cd ./src/main/resources/stacks/simple-data-lake-using-aws-lake-formation && terraform init && terraform plan",
    },
    "dependencies": {},
    "devDependencies": {
      "cdktf-cli": "^0.7.0",
      "@types/node": "14.17.27"
    },
    "private": true
  }

yarn manifest: 
  No manifest

Lockfile: 
  No lockfile
